[0.206s] DEBUG:colcon:Command line arguments: ['/usr/bin/colcon', 'build']
[0.207s] DEBUG:colcon:Parsed command line arguments: Namespace(log_base=None, log_level=None, verb_name='build', build_base='build', install_base='install', merge_install=False, symlink_install=False, test_result_base=None, continue_on_error=False, executor='parallel', parallel_workers=8, event_handlers=None, ignore_user_meta=False, metas=['./colcon.meta'], base_paths=['.'], packages_ignore=None, packages_ignore_regex=None, paths=None, packages_up_to=None, packages_up_to_regex=None, packages_above=None, packages_above_and_dependencies=None, packages_above_depth=None, packages_select_by_dep=None, packages_skip_by_dep=None, packages_skip_up_to=None, packages_select_build_failed=False, packages_skip_build_finished=False, packages_select_test_failures=False, packages_skip_test_passed=False, packages_select=None, packages_skip=None, packages_select_regex=None, packages_skip_regex=None, packages_start=None, packages_end=None, allow_overriding=[], cmake_args=None, cmake_target=None, cmake_target_skip_unavailable=False, cmake_clean_cache=False, cmake_clean_first=False, cmake_force_configure=False, ament_cmake_args=None, catkin_cmake_args=None, catkin_skip_building_tests=False, mixin_files=None, mixin=None, verb_parser=<colcon_mixin.mixin.mixin_argument.MixinArgumentDecorator object at 0xffffa19b2bc0>, verb_extension=<colcon_core.verb.build.BuildVerb object at 0xffffa19b2710>, main=<bound method BuildVerb.main of <colcon_core.verb.build.BuildVerb object at 0xffffa19b2710>>, mixin_verb=('build',))
[0.514s] Level 1:colcon.colcon_core.package_discovery:discover_packages(colcon_meta) check parameters
[0.515s] Level 1:colcon.colcon_core.package_discovery:discover_packages(recursive) check parameters
[0.515s] Level 1:colcon.colcon_core.package_discovery:discover_packages(ignore) check parameters
[0.515s] Level 1:colcon.colcon_core.package_discovery:discover_packages(path) check parameters
[0.515s] Level 1:colcon.colcon_core.package_discovery:discover_packages(colcon_meta) discover
[0.515s] Level 1:colcon.colcon_core.package_discovery:discover_packages(recursive) discover
[0.515s] INFO:colcon.colcon_core.package_discovery:Crawling recursively for packages in '/home/robot_3/MeNu/src/rona_navigation'
[0.515s] Level 1:colcon.colcon_core.package_identification:_identify(.) by extensions ['ignore', 'ignore_ament_install']
[0.516s] Level 1:colcon.colcon_core.package_identification:_identify(.) by extension 'ignore'
[0.516s] Level 1:colcon.colcon_core.package_identification:_identify(.) by extension 'ignore_ament_install'
[0.516s] Level 1:colcon.colcon_core.package_identification:_identify(.) by extensions ['colcon_pkg']
[0.516s] Level 1:colcon.colcon_core.package_identification:_identify(.) by extension 'colcon_pkg'
[0.516s] Level 1:colcon.colcon_core.package_identification:_identify(.) by extensions ['colcon_meta']
[0.516s] Level 1:colcon.colcon_core.package_identification:_identify(.) by extension 'colcon_meta'
[0.516s] Level 1:colcon.colcon_core.package_identification:_identify(.) by extensions ['ros']
[0.516s] Level 1:colcon.colcon_core.package_identification:_identify(.) by extension 'ros'
[0.540s] DEBUG:colcon.colcon_core.package_identification:Package '.' with type 'ros.ament_cmake' and name 'rona_navigation'
[0.541s] Level 1:colcon.colcon_core.package_discovery:discover_packages(recursive) using defaults
[0.541s] Level 1:colcon.colcon_core.package_discovery:discover_packages(ignore) discover
[0.541s] Level 1:colcon.colcon_core.package_discovery:discover_packages(ignore) using defaults
[0.541s] Level 1:colcon.colcon_core.package_discovery:discover_packages(path) discover
[0.541s] Level 1:colcon.colcon_core.package_discovery:discover_packages(path) using defaults
[0.576s] Level 1:colcon.colcon_core.package_discovery:discover_packages(prefix_path) check parameters
[0.576s] Level 1:colcon.colcon_core.package_discovery:discover_packages(prefix_path) discover
[0.580s] DEBUG:colcon.colcon_installed_package_information.package_discovery:Found 8 installed packages in /home/robot_3/MeNu/install
[0.581s] DEBUG:colcon.colcon_installed_package_information.package_discovery:Found 3 installed packages in /opt/robomaster/ros2_ws/install
[0.584s] DEBUG:colcon.colcon_installed_package_information.package_discovery:Found 319 installed packages in /opt/ros/humble
[0.614s] Level 1:colcon.colcon_core.package_discovery:discover_packages(prefix_path) using defaults
[0.690s] Level 5:colcon.colcon_core.verb:set package 'rona_navigation' build argument 'cmake_args' from command line to 'None'
[0.690s] Level 5:colcon.colcon_core.verb:set package 'rona_navigation' build argument 'cmake_target' from command line to 'None'
[0.690s] Level 5:colcon.colcon_core.verb:set package 'rona_navigation' build argument 'cmake_target_skip_unavailable' from command line to 'False'
[0.691s] Level 5:colcon.colcon_core.verb:set package 'rona_navigation' build argument 'cmake_clean_cache' from command line to 'False'
[0.691s] Level 5:colcon.colcon_core.verb:set package 'rona_navigation' build argument 'cmake_clean_first' from command line to 'False'
[0.691s] Level 5:colcon.colcon_core.verb:set package 'rona_navigation' build argument 'cmake_force_configure' from command line to 'False'
[0.691s] Level 5:colcon.colcon_core.verb:set package 'rona_navigation' build argument 'ament_cmake_args' from command line to 'None'
[0.691s] Level 5:colcon.colcon_core.verb:set package 'rona_navigation' build argument 'catkin_cmake_args' from command line to 'None'
[0.691s] Level 5:colcon.colcon_core.verb:set package 'rona_navigation' build argument 'catkin_skip_building_tests' from command line to 'False'
[0.691s] DEBUG:colcon.colcon_core.verb:Building package 'rona_navigation' with the following arguments: {'ament_cmake_args': None, 'build_base': '/home/robot_3/MeNu/src/rona_navigation/build/rona_navigation', 'catkin_cmake_args': None, 'catkin_skip_building_tests': False, 'cmake_args': None, 'cmake_clean_cache': False, 'cmake_clean_first': False, 'cmake_force_configure': False, 'cmake_target': None, 'cmake_target_skip_unavailable': False, 'install_base': '/home/robot_3/MeNu/src/rona_navigation/install/rona_navigation', 'merge_install': False, 'path': '/home/robot_3/MeNu/src/rona_navigation', 'symlink_install': False, 'test_result_base': None}
[0.691s] INFO:colcon.colcon_core.executor:Executing jobs using 'parallel' executor
[0.694s] DEBUG:colcon.colcon_parallel_executor.executor.parallel:run_until_complete
[0.695s] INFO:colcon.colcon_ros.task.ament_cmake.build:Building ROS package in '/home/robot_3/MeNu/src/rona_navigation' with build type 'ament_cmake'
[0.695s] INFO:colcon.colcon_cmake.task.cmake.build:Building CMake package in '/home/robot_3/MeNu/src/rona_navigation'
[0.699s] INFO:colcon.colcon_core.plugin_system:Skipping extension 'colcon_core.shell.bat': Not used on non-Windows systems
[0.699s] INFO:colcon.colcon_core.shell:Skip shell extension 'powershell' for command environment: Not usable outside of PowerShell
[0.699s] DEBUG:colcon.colcon_core.shell:Skip shell extension 'dsv' for command environment
[0.719s] DEBUG:colcon.colcon_core.event_handler.log_command:Invoking command in '/home/robot_3/MeNu/src/rona_navigation/build/rona_navigation': CMAKE_PREFIX_PATH=${CMAKE_PREFIX_PATH}:/home/robot_3/MeNu/install/rona_mqtt:/opt/robomaster/ros2_ws/install/ros_robomaster_description:/opt/ros/humble /usr/bin/cmake --build /home/robot_3/MeNu/src/rona_navigation/build/rona_navigation -- -j8 -l8
[0.760s] DEBUG:colcon.colcon_core.event_handler.log_command:Invoked command in '/home/robot_3/MeNu/src/rona_navigation/build/rona_navigation' returned '2': CMAKE_PREFIX_PATH=${CMAKE_PREFIX_PATH}:/home/robot_3/MeNu/install/rona_mqtt:/opt/robomaster/ros2_ws/install/ros_robomaster_description:/opt/ros/humble /usr/bin/cmake --build /home/robot_3/MeNu/src/rona_navigation/build/rona_navigation -- -j8 -l8
[0.800s] Level 1:colcon.colcon_core.environment:create_environment_scripts_only(rona_navigation)
[0.810s] Level 1:colcon.colcon_core.environment:checking '/home/robot_3/MeNu/src/rona_navigation/install/rona_navigation' for CMake module files
[0.812s] Level 1:colcon.colcon_core.environment:checking '/home/robot_3/MeNu/src/rona_navigation/install/rona_navigation' for CMake config files
[0.813s] Level 1:colcon.colcon_core.shell:create_environment_hook('rona_navigation', 'cmake_prefix_path')
[0.814s] INFO:colcon.colcon_core.shell:Creating environment hook '/home/robot_3/MeNu/src/rona_navigation/install/rona_navigation/share/rona_navigation/hook/cmake_prefix_path.ps1'
[0.816s] INFO:colcon.colcon_core.shell:Creating environment descriptor '/home/robot_3/MeNu/src/rona_navigation/install/rona_navigation/share/rona_navigation/hook/cmake_prefix_path.dsv'
[0.818s] INFO:colcon.colcon_core.shell:Creating environment hook '/home/robot_3/MeNu/src/rona_navigation/install/rona_navigation/share/rona_navigation/hook/cmake_prefix_path.sh'
[0.821s] Level 1:colcon.colcon_core.environment:checking '/home/robot_3/MeNu/src/rona_navigation/install/rona_navigation/bin'
[0.821s] Level 1:colcon.colcon_core.environment:checking '/home/robot_3/MeNu/src/rona_navigation/install/rona_navigation/lib/pkgconfig/rona_navigation.pc'
[0.822s] Level 1:colcon.colcon_core.environment:checking '/home/robot_3/MeNu/src/rona_navigation/install/rona_navigation/lib/python3.10/site-packages'
[0.822s] Level 1:colcon.colcon_core.environment:checking '/home/robot_3/MeNu/src/rona_navigation/install/rona_navigation/bin'
[0.823s] INFO:colcon.colcon_core.shell:Creating package script '/home/robot_3/MeNu/src/rona_navigation/install/rona_navigation/share/rona_navigation/package.ps1'
[0.826s] INFO:colcon.colcon_core.shell:Creating package descriptor '/home/robot_3/MeNu/src/rona_navigation/install/rona_navigation/share/rona_navigation/package.dsv'
[0.828s] INFO:colcon.colcon_core.shell:Creating package script '/home/robot_3/MeNu/src/rona_navigation/install/rona_navigation/share/rona_navigation/package.sh'
[0.830s] INFO:colcon.colcon_core.shell:Creating package script '/home/robot_3/MeNu/src/rona_navigation/install/rona_navigation/share/rona_navigation/package.bash'
[0.832s] INFO:colcon.colcon_core.shell:Creating package script '/home/robot_3/MeNu/src/rona_navigation/install/rona_navigation/share/rona_navigation/package.zsh'
[0.834s] Level 1:colcon.colcon_core.environment:create_file_with_runtime_dependencies(/home/robot_3/MeNu/src/rona_navigation/install/rona_navigation/share/colcon-core/packages/rona_navigation)
[0.845s] DEBUG:colcon.colcon_parallel_executor.executor.parallel:closing loop
[0.845s] DEBUG:colcon.colcon_parallel_executor.executor.parallel:loop closed
[0.845s] DEBUG:colcon.colcon_parallel_executor.executor.parallel:run_until_complete finished with '2'
[0.846s] DEBUG:colcon.colcon_core.event_reactor:joining thread
[0.864s] INFO:colcon.colcon_core.plugin_system:Skipping extension 'colcon_notification.desktop_notification.terminal_notifier': Not used on non-Darwin systems
[0.864s] INFO:colcon.colcon_core.plugin_system:Skipping extension 'colcon_notification.desktop_notification.win32': Not used on non-Windows systems
[0.864s] INFO:colcon.colcon_notification.desktop_notification:Sending desktop notification using 'notify2'
[0.890s] DEBUG:colcon.colcon_notification.desktop_notification.notify2:Failed to initialize notify2: org.freedesktop.DBus.Error.Spawn.ChildExited: Process org.freedesktop.Notifications exited with status 1
[0.891s] DEBUG:colcon.colcon_core.event_reactor:joined thread
[0.892s] INFO:colcon.colcon_core.shell:Creating prefix script '/home/robot_3/MeNu/src/rona_navigation/install/local_setup.ps1'
[0.895s] INFO:colcon.colcon_core.shell:Creating prefix util module '/home/robot_3/MeNu/src/rona_navigation/install/_local_setup_util_ps1.py'
[0.899s] INFO:colcon.colcon_core.shell:Creating prefix chain script '/home/robot_3/MeNu/src/rona_navigation/install/setup.ps1'
[0.904s] INFO:colcon.colcon_core.shell:Creating prefix script '/home/robot_3/MeNu/src/rona_navigation/install/local_setup.sh'
[0.905s] INFO:colcon.colcon_core.shell:Creating prefix util module '/home/robot_3/MeNu/src/rona_navigation/install/_local_setup_util_sh.py'
[0.907s] INFO:colcon.colcon_core.shell:Creating prefix chain script '/home/robot_3/MeNu/src/rona_navigation/install/setup.sh'
[0.911s] INFO:colcon.colcon_core.shell:Creating prefix script '/home/robot_3/MeNu/src/rona_navigation/install/local_setup.bash'
[0.913s] INFO:colcon.colcon_core.shell:Creating prefix chain script '/home/robot_3/MeNu/src/rona_navigation/install/setup.bash'
[0.917s] INFO:colcon.colcon_core.shell:Creating prefix script '/home/robot_3/MeNu/src/rona_navigation/install/local_setup.zsh'
[0.919s] INFO:colcon.colcon_core.shell:Creating prefix chain script '/home/robot_3/MeNu/src/rona_navigation/install/setup.zsh'
