-- The C compiler identification is GNU 11.4.0
-- The CXX compiler identification is GNU 11.4.0
-- Detecting C compiler ABI info
-- Detecting C compiler ABI info - done
-- Check for working C compiler: /usr/bin/cc - skipped
-- Detecting C compile features
-- Detecting C compile features - done
-- Detecting CXX compiler ABI info
-- Detecting CXX compiler ABI info - done
-- Check for working CXX compiler: /usr/bin/c++ - skipped
-- Detecting CXX compile features
-- Detecting CXX compile features - done
-- Found ament_cmake: 1.3.8 (/opt/ros/humble/share/ament_cmake/cmake)
-- Found Python3: /usr/bin/python3 (found version "3.10.12") found components: Interpreter 
-- Found rclcpp: 16.0.8 (/opt/ros/humble/share/rclcpp/cmake)
-- Found rosidl_generator_c: 3.1.5 (/opt/ros/humble/share/rosidl_generator_c/cmake)
-- Found rosidl_adapter: 3.1.5 (/opt/ros/humble/share/rosidl_adapter/cmake)
-- Found rosidl_generator_cpp: 3.1.5 (/opt/ros/humble/share/rosidl_generator_cpp/cmake)
-- Using all available rosidl_typesupport_c: rosidl_typesupport_fastrtps_c;rosidl_typesupport_introspection_c
-- Using all available rosidl_typesupport_cpp: rosidl_typesupport_fastrtps_cpp;rosidl_typesupport_introspection_cpp
-- Found rmw_implementation_cmake: 6.1.1 (/opt/ros/humble/share/rmw_implementation_cmake/cmake)
-- Found rmw_fastrtps_cpp: 6.2.6 (/opt/ros/humble/share/rmw_fastrtps_cpp/cmake)
-- Found OpenSSL: /usr/lib/x86_64-linux-gnu/libcrypto.so (found version "3.0.2")  
-- Found FastRTPS: /opt/ros/humble/include  
-- Using RMW implementation 'rmw_fastrtps_cpp' as default
-- Looking for pthread.h
-- Looking for pthread.h - found
-- Performing Test CMAKE_HAVE_LIBC_PTHREAD
-- Performing Test CMAKE_HAVE_LIBC_PTHREAD - Success
-- Found Threads: TRUE  
-- Found rclpy: 3.3.12 (/opt/ros/humble/share/rclpy/cmake)
-- Found geometry_msgs: 4.2.3 (/opt/ros/humble/share/geometry_msgs/cmake)
-- Found nav_msgs: 4.2.3 (/opt/ros/humble/share/nav_msgs/cmake)
-- Found gazebo_msgs: 3.7.0 (/opt/ros/humble/share/gazebo_msgs/cmake)
-- Found tf2_ros: 0.25.6 (/opt/ros/humble/share/tf2_ros/cmake)
-- Found tf2_kdl: 0.25.6 (/opt/ros/humble/share/tf2_kdl/cmake)
-- Found eigen3_cmake_module: 0.1.1 (/opt/ros/humble/share/eigen3_cmake_module/cmake)
-- Found Eigen3: TRUE (found version "3.4.0") 
-- Ensuring Eigen3 include directory is part of orocos-kdl CMake target
-- Found ament_lint_auto: 0.12.10 (/opt/ros/humble/share/ament_lint_auto/cmake)
-- Added test 'copyright' to check source files copyright and LICENSE
-- Added test 'cppcheck' to perform static code analysis on C / C++ code
-- Configured cppcheck include dirs: /home/emagon/rona/src/rona_navigation/include
-- Configured cppcheck exclude dirs and/or files: 
-- Added test 'cpplint' to check C / C++ code against the Google style
-- Configured cpplint exclude dirs and/or files: 
-- Added test 'flake8' to check Python code syntax and style conventions
-- Added test 'lint_cmake' to check CMake code style
-- Added test 'pep257' to check Python code against some of the docstring style conventions in PEP 257
-- Added test 'uncrustify' to check C / C++ code style
-- Configured uncrustify additional arguments: 
-- Added test 'xmllint' to check XML markup files
-- Configuring done
-- Generating done
-- Build files have been written to: /home/emagon/rona/src/rona_navigation/build/rona_navigation
Built target ament_cmake_python_copy_rona_navigation
running egg_info
creating rona_navigation.egg-info
writing rona_navigation.egg-info/PKG-INFO
writing dependency_links to rona_navigation.egg-info/dependency_links.txt
writing top-level names to rona_navigation.egg-info/top_level.txt
writing manifest file 'rona_navigation.egg-info/SOURCES.txt'
reading manifest file 'rona_navigation.egg-info/SOURCES.txt'
writing manifest file 'rona_navigation.egg-info/SOURCES.txt'
Built target ament_cmake_python_build_rona_navigation_egg
-- Install configuration: ""
-- Installing: /home/emagon/rona/src/rona_navigation/install/rona_navigation/share/rona_navigation/config
-- Installing: /home/emagon/rona/src/rona_navigation/install/rona_navigation/share/rona_navigation/config/robomaster_nav2_amcl_params.yaml
-- Installing: /home/emagon/rona/src/rona_navigation/install/rona_navigation/share/rona_navigation/config/nav2_params.yaml
-- Installing: /home/emagon/rona/src/rona_navigation/install/rona_navigation/share/rona_navigation/config/robomaster_nav2_params_slow_mapping.yaml
-- Installing: /home/emagon/rona/src/rona_navigation/install/rona_navigation/share/rona_navigation/config/robot_localization_ekf.yaml
-- Installing: /home/emagon/rona/src/rona_navigation/install/rona_navigation/share/rona_navigation/config/robomaster_nav2_params.yaml
-- Installing: /home/emagon/rona/src/rona_navigation/install/rona_navigation/share/rona_navigation/config/rviz
-- Installing: /home/emagon/rona/src/rona_navigation/install/rona_navigation/share/rona_navigation/config/rviz/nav2_robomaster_view.rviz
-- Installing: /home/emagon/rona/src/rona_navigation/install/rona_navigation/share/rona_navigation/config/rviz/nav2_default_view.rviz
-- Installing: /home/emagon/rona/src/rona_navigation/install/rona_navigation/share/rona_navigation/config/rviz/nav2_namespaced_view.rviz
-- Installing: /home/emagon/rona/src/rona_navigation/install/rona_navigation/share/rona_navigation/config/dev_nav2_params.yml
-- Installing: /home/emagon/rona/src/rona_navigation/install/rona_navigation/share/rona_navigation/config/navigate_w_recovery.xml
-- Installing: /home/emagon/rona/src/rona_navigation/install/rona_navigation/share/rona_navigation/launch
-- Installing: /home/emagon/rona/src/rona_navigation/install/rona_navigation/share/rona_navigation/launch/cartographer
-- Installing: /home/emagon/rona/src/rona_navigation/install/rona_navigation/share/rona_navigation/launch/rviz
-- Installing: /home/emagon/rona/src/rona_navigation/install/rona_navigation/share/rona_navigation/launch/rviz/map_server.launch.py
-- Installing: /home/emagon/rona/src/rona_navigation/install/rona_navigation/share/rona_navigation/launch/rviz/amcl_launch.py
-- Installing: /home/emagon/rona/src/rona_navigation/install/rona_navigation/share/rona_navigation/launch/rviz/tb3_simulation_launch.py
-- Installing: /home/emagon/rona/src/rona_navigation/install/rona_navigation/share/rona_navigation/launch/rviz/navigation_launch.py
-- Installing: /home/emagon/rona/src/rona_navigation/install/rona_navigation/share/rona_navigation/launch/rviz/robomaster_nav_launch.py
-- Installing: /home/emagon/rona/src/rona_navigation/install/rona_navigation/share/rona_navigation/launch/rviz/rviz_launch.py
-- Installing: /home/emagon/rona/src/rona_navigation/install/rona_navigation/share/rona_navigation/launch/rviz/navigation2.launch.py
-- Installing: /home/emagon/rona/src/rona_navigation/install/rona_navigation/share/rona_navigation/maps
-- Installing: /home/emagon/rona/src/rona_navigation/install/rona_navigation/share/rona_navigation/maps/map.yaml
-- Installing: /home/emagon/rona/src/rona_navigation/install/rona_navigation/share/rona_navigation/maps/map.pgm
-- Installing: /home/emagon/rona/src/rona_navigation/install/rona_navigation/share/rona_navigation/environment/pythonpath.sh
-- Installing: /home/emagon/rona/src/rona_navigation/install/rona_navigation/share/rona_navigation/environment/pythonpath.dsv
-- Installing: /home/emagon/rona/src/rona_navigation/install/rona_navigation/local/lib/python3.10/dist-packages/rona_navigation-0.0.0-py3.10.egg-info
-- Installing: /home/emagon/rona/src/rona_navigation/install/rona_navigation/local/lib/python3.10/dist-packages/rona_navigation-0.0.0-py3.10.egg-info/dependency_links.txt
-- Installing: /home/emagon/rona/src/rona_navigation/install/rona_navigation/local/lib/python3.10/dist-packages/rona_navigation-0.0.0-py3.10.egg-info/top_level.txt
-- Installing: /home/emagon/rona/src/rona_navigation/install/rona_navigation/local/lib/python3.10/dist-packages/rona_navigation-0.0.0-py3.10.egg-info/SOURCES.txt
-- Installing: /home/emagon/rona/src/rona_navigation/install/rona_navigation/local/lib/python3.10/dist-packages/rona_navigation-0.0.0-py3.10.egg-info/PKG-INFO
-- Installing: /home/emagon/rona/src/rona_navigation/install/rona_navigation/local/lib/python3.10/dist-packages/rona_navigation
-- Installing: /home/emagon/rona/src/rona_navigation/install/rona_navigation/local/lib/python3.10/dist-packages/rona_navigation/__init__.py
Listing '/home/emagon/rona/src/rona_navigation/install/rona_navigation/local/lib/python3.10/dist-packages/rona_navigation'...
Compiling '/home/emagon/rona/src/rona_navigation/install/rona_navigation/local/lib/python3.10/dist-packages/rona_navigation/__init__.py'...
-- Installing: /home/emagon/rona/src/rona_navigation/install/rona_navigation/share/ament_index/resource_index/package_run_dependencies/rona_navigation
-- Installing: /home/emagon/rona/src/rona_navigation/install/rona_navigation/share/ament_index/resource_index/parent_prefix_path/rona_navigation
-- Installing: /home/emagon/rona/src/rona_navigation/install/rona_navigation/share/rona_navigation/environment/ament_prefix_path.sh
-- Installing: /home/emagon/rona/src/rona_navigation/install/rona_navigation/share/rona_navigation/environment/ament_prefix_path.dsv
-- Installing: /home/emagon/rona/src/rona_navigation/install/rona_navigation/share/rona_navigation/environment/path.sh
-- Installing: /home/emagon/rona/src/rona_navigation/install/rona_navigation/share/rona_navigation/environment/path.dsv
-- Installing: /home/emagon/rona/src/rona_navigation/install/rona_navigation/share/rona_navigation/local_setup.bash
-- Installing: /home/emagon/rona/src/rona_navigation/install/rona_navigation/share/rona_navigation/local_setup.sh
-- Installing: /home/emagon/rona/src/rona_navigation/install/rona_navigation/share/rona_navigation/local_setup.zsh
-- Installing: /home/emagon/rona/src/rona_navigation/install/rona_navigation/share/rona_navigation/local_setup.dsv
-- Installing: /home/emagon/rona/src/rona_navigation/install/rona_navigation/share/rona_navigation/package.dsv
-- Installing: /home/emagon/rona/src/rona_navigation/install/rona_navigation/share/ament_index/resource_index/packages/rona_navigation
-- Installing: /home/emagon/rona/src/rona_navigation/install/rona_navigation/share/rona_navigation/cmake/rona_navigationConfig.cmake
-- Installing: /home/emagon/rona/src/rona_navigation/install/rona_navigation/share/rona_navigation/cmake/rona_navigationConfig-version.cmake
-- Installing: /home/emagon/rona/src/rona_navigation/install/rona_navigation/share/rona_navigation/package.xml
