[0.007s] Invoking command in '/home/emagon/rona/src/rona_navigation/build/rona_navigation': CMAKE_PREFIX_PATH=${CMAKE_PREFIX_PATH}:/home/emagon/Nav_WS/install/ros_robomaster_description:/home/emagon/rona/install/ros_robomaster_description:/opt/ros/humble /usr/bin/cmake /home/emagon/rona/src/rona_navigation -DCMAKE_INSTALL_PREFIX=/home/emagon/rona/src/rona_navigation/install/rona_navigation
[0.112s] -- The C compiler identification is GNU 11.4.0
[0.198s] -- The CXX compiler identification is GNU 11.4.0
[0.208s] -- Detecting C compiler ABI info
[0.266s] -- Detecting C compiler ABI info - done
[0.273s] -- Check for working C compiler: /usr/bin/cc - skipped
[0.273s] -- Detecting C compile features
[0.274s] -- Detecting C compile features - done
[0.278s] -- Detecting CXX compiler ABI info
[0.340s] -- Detecting CXX compiler ABI info - done
[0.344s] -- Check for working CXX compiler: /usr/bin/c++ - skipped
[0.344s] -- Detecting CXX compile features
[0.345s] -- Detecting CXX compile features - done
[0.347s] -- Found ament_cmake: 1.3.8 (/opt/ros/humble/share/ament_cmake/cmake)
[0.446s] -- Found Python3: /usr/bin/python3 (found version "3.10.12") found components: Interpreter 
[0.513s] -- Found rclcpp: 16.0.8 (/opt/ros/humble/share/rclcpp/cmake)
[0.551s] -- Found rosidl_generator_c: 3.1.5 (/opt/ros/humble/share/rosidl_generator_c/cmake)
[0.555s] -- Found rosidl_adapter: 3.1.5 (/opt/ros/humble/share/rosidl_adapter/cmake)
[0.564s] -- Found rosidl_generator_cpp: 3.1.5 (/opt/ros/humble/share/rosidl_generator_cpp/cmake)
[0.575s] -- Using all available rosidl_typesupport_c: rosidl_typesupport_fastrtps_c;rosidl_typesupport_introspection_c
[0.590s] -- Using all available rosidl_typesupport_cpp: rosidl_typesupport_fastrtps_cpp;rosidl_typesupport_introspection_cpp
[0.648s] -- Found rmw_implementation_cmake: 6.1.1 (/opt/ros/humble/share/rmw_implementation_cmake/cmake)
[0.651s] -- Found rmw_fastrtps_cpp: 6.2.6 (/opt/ros/humble/share/rmw_fastrtps_cpp/cmake)
[0.717s] -- Found OpenSSL: /usr/lib/x86_64-linux-gnu/libcrypto.so (found version "3.0.2")  
[0.736s] -- Found FastRTPS: /opt/ros/humble/include  
[0.765s] -- Using RMW implementation 'rmw_fastrtps_cpp' as default
[0.774s] -- Looking for pthread.h
[0.824s] -- Looking for pthread.h - found
[0.824s] -- Performing Test CMAKE_HAVE_LIBC_PTHREAD
[0.874s] -- Performing Test CMAKE_HAVE_LIBC_PTHREAD - Success
[0.874s] -- Found Threads: TRUE  
[0.976s] -- Found rclpy: 3.3.12 (/opt/ros/humble/share/rclpy/cmake)
[0.978s] -- Found geometry_msgs: 4.2.3 (/opt/ros/humble/share/geometry_msgs/cmake)
[1.005s] -- Found nav_msgs: 4.2.3 (/opt/ros/humble/share/nav_msgs/cmake)
[1.055s] -- Found gazebo_msgs: 3.7.0 (/opt/ros/humble/share/gazebo_msgs/cmake)
[1.184s] -- Found tf2_ros: 0.25.6 (/opt/ros/humble/share/tf2_ros/cmake)
[1.400s] -- Found tf2_kdl: 0.25.6 (/opt/ros/humble/share/tf2_kdl/cmake)
[1.414s] -- Found eigen3_cmake_module: 0.1.1 (/opt/ros/humble/share/eigen3_cmake_module/cmake)
[1.415s] -- Found Eigen3: TRUE (found version "3.4.0") 
[1.415s] -- Ensuring Eigen3 include directory is part of orocos-kdl CMake target
[1.470s] -- Found ament_lint_auto: 0.12.10 (/opt/ros/humble/share/ament_lint_auto/cmake)
[1.527s] -- Added test 'copyright' to check source files copyright and LICENSE
[1.529s] -- Added test 'cppcheck' to perform static code analysis on C / C++ code
[1.530s] -- Configured cppcheck include dirs: /home/emagon/rona/src/rona_navigation/include
[1.530s] -- Configured cppcheck exclude dirs and/or files: 
[1.532s] -- Added test 'cpplint' to check C / C++ code against the Google style
[1.532s] -- Configured cpplint exclude dirs and/or files: 
[1.532s] -- Added test 'flake8' to check Python code syntax and style conventions
[1.533s] -- Added test 'lint_cmake' to check CMake code style
[1.534s] -- Added test 'pep257' to check Python code against some of the docstring style conventions in PEP 257
[1.536s] -- Added test 'uncrustify' to check C / C++ code style
[1.536s] -- Configured uncrustify additional arguments: 
[1.537s] -- Added test 'xmllint' to check XML markup files
[1.538s] -- Configuring done
[1.540s] -- Generating done
[1.541s] -- Build files have been written to: /home/emagon/rona/src/rona_navigation/build/rona_navigation
[1.548s] Invoked command in '/home/emagon/rona/src/rona_navigation/build/rona_navigation' returned '0': CMAKE_PREFIX_PATH=${CMAKE_PREFIX_PATH}:/home/emagon/Nav_WS/install/ros_robomaster_description:/home/emagon/rona/install/ros_robomaster_description:/opt/ros/humble /usr/bin/cmake /home/emagon/rona/src/rona_navigation -DCMAKE_INSTALL_PREFIX=/home/emagon/rona/src/rona_navigation/install/rona_navigation
[1.549s] Invoking command in '/home/emagon/rona/src/rona_navigation/build/rona_navigation': CMAKE_PREFIX_PATH=${CMAKE_PREFIX_PATH}:/home/emagon/Nav_WS/install/ros_robomaster_description:/home/emagon/rona/install/ros_robomaster_description:/opt/ros/humble /usr/bin/cmake --build /home/emagon/rona/src/rona_navigation/build/rona_navigation -- -j20 -l20
[1.584s] Built target ament_cmake_python_copy_rona_navigation
[1.719s] running egg_info
[1.719s] creating rona_navigation.egg-info
[1.719s] writing rona_navigation.egg-info/PKG-INFO
[1.719s] writing dependency_links to rona_navigation.egg-info/dependency_links.txt
[1.719s] writing top-level names to rona_navigation.egg-info/top_level.txt
[1.719s] writing manifest file 'rona_navigation.egg-info/SOURCES.txt'
[1.721s] reading manifest file 'rona_navigation.egg-info/SOURCES.txt'
[1.721s] writing manifest file 'rona_navigation.egg-info/SOURCES.txt'
[1.736s] Built target ament_cmake_python_build_rona_navigation_egg
[1.743s] Invoked command in '/home/emagon/rona/src/rona_navigation/build/rona_navigation' returned '0': CMAKE_PREFIX_PATH=${CMAKE_PREFIX_PATH}:/home/emagon/Nav_WS/install/ros_robomaster_description:/home/emagon/rona/install/ros_robomaster_description:/opt/ros/humble /usr/bin/cmake --build /home/emagon/rona/src/rona_navigation/build/rona_navigation -- -j20 -l20
[1.764s] Invoking command in '/home/emagon/rona/src/rona_navigation/build/rona_navigation': CMAKE_PREFIX_PATH=${CMAKE_PREFIX_PATH}:/home/emagon/Nav_WS/install/ros_robomaster_description:/home/emagon/rona/install/ros_robomaster_description:/opt/ros/humble /usr/bin/cmake --install /home/emagon/rona/src/rona_navigation/build/rona_navigation
[1.773s] -- Install configuration: ""
[1.773s] -- Installing: /home/emagon/rona/src/rona_navigation/install/rona_navigation/share/rona_navigation/config
[1.773s] -- Installing: /home/emagon/rona/src/rona_navigation/install/rona_navigation/share/rona_navigation/config/robomaster_nav2_amcl_params.yaml
[1.774s] -- Installing: /home/emagon/rona/src/rona_navigation/install/rona_navigation/share/rona_navigation/config/nav2_params.yaml
[1.774s] -- Installing: /home/emagon/rona/src/rona_navigation/install/rona_navigation/share/rona_navigation/config/robomaster_nav2_params_slow_mapping.yaml
[1.774s] -- Installing: /home/emagon/rona/src/rona_navigation/install/rona_navigation/share/rona_navigation/config/robot_localization_ekf.yaml
[1.775s] -- Installing: /home/emagon/rona/src/rona_navigation/install/rona_navigation/share/rona_navigation/config/robomaster_nav2_params.yaml
[1.775s] -- Installing: /home/emagon/rona/src/rona_navigation/install/rona_navigation/share/rona_navigation/config/rviz
[1.775s] -- Installing: /home/emagon/rona/src/rona_navigation/install/rona_navigation/share/rona_navigation/config/rviz/nav2_robomaster_view.rviz
[1.776s] -- Installing: /home/emagon/rona/src/rona_navigation/install/rona_navigation/share/rona_navigation/config/rviz/nav2_default_view.rviz
[1.776s] -- Installing: /home/emagon/rona/src/rona_navigation/install/rona_navigation/share/rona_navigation/config/rviz/nav2_namespaced_view.rviz
[1.776s] -- Installing: /home/emagon/rona/src/rona_navigation/install/rona_navigation/share/rona_navigation/config/dev_nav2_params.yml
[1.776s] -- Installing: /home/emagon/rona/src/rona_navigation/install/rona_navigation/share/rona_navigation/config/navigate_w_recovery.xml
[1.777s] -- Installing: /home/emagon/rona/src/rona_navigation/install/rona_navigation/share/rona_navigation/launch
[1.777s] -- Installing: /home/emagon/rona/src/rona_navigation/install/rona_navigation/share/rona_navigation/launch/cartographer
[1.777s] -- Installing: /home/emagon/rona/src/rona_navigation/install/rona_navigation/share/rona_navigation/launch/rviz
[1.777s] -- Installing: /home/emagon/rona/src/rona_navigation/install/rona_navigation/share/rona_navigation/launch/rviz/map_server.launch.py
[1.777s] -- Installing: /home/emagon/rona/src/rona_navigation/install/rona_navigation/share/rona_navigation/launch/rviz/amcl_launch.py
[1.777s] -- Installing: /home/emagon/rona/src/rona_navigation/install/rona_navigation/share/rona_navigation/launch/rviz/tb3_simulation_launch.py
[1.777s] -- Installing: /home/emagon/rona/src/rona_navigation/install/rona_navigation/share/rona_navigation/launch/rviz/navigation_launch.py
[1.777s] -- Installing: /home/emagon/rona/src/rona_navigation/install/rona_navigation/share/rona_navigation/launch/rviz/robomaster_nav_launch.py
[1.777s] -- Installing: /home/emagon/rona/src/rona_navigation/install/rona_navigation/share/rona_navigation/launch/rviz/rviz_launch.py
[1.777s] -- Installing: /home/emagon/rona/src/rona_navigation/install/rona_navigation/share/rona_navigation/launch/rviz/navigation2.launch.py
[1.777s] -- Installing: /home/emagon/rona/src/rona_navigation/install/rona_navigation/share/rona_navigation/maps
[1.777s] -- Installing: /home/emagon/rona/src/rona_navigation/install/rona_navigation/share/rona_navigation/maps/map.yaml
[1.777s] -- Installing: /home/emagon/rona/src/rona_navigation/install/rona_navigation/share/rona_navigation/maps/map.pgm
[1.778s] -- Installing: /home/emagon/rona/src/rona_navigation/install/rona_navigation/share/rona_navigation/environment/pythonpath.sh
[1.778s] -- Installing: /home/emagon/rona/src/rona_navigation/install/rona_navigation/share/rona_navigation/environment/pythonpath.dsv
[1.778s] -- Installing: /home/emagon/rona/src/rona_navigation/install/rona_navigation/local/lib/python3.10/dist-packages/rona_navigation-0.0.0-py3.10.egg-info
[1.778s] -- Installing: /home/emagon/rona/src/rona_navigation/install/rona_navigation/local/lib/python3.10/dist-packages/rona_navigation-0.0.0-py3.10.egg-info/dependency_links.txt
[1.778s] -- Installing: /home/emagon/rona/src/rona_navigation/install/rona_navigation/local/lib/python3.10/dist-packages/rona_navigation-0.0.0-py3.10.egg-info/top_level.txt
[1.778s] -- Installing: /home/emagon/rona/src/rona_navigation/install/rona_navigation/local/lib/python3.10/dist-packages/rona_navigation-0.0.0-py3.10.egg-info/SOURCES.txt
[1.779s] -- Installing: /home/emagon/rona/src/rona_navigation/install/rona_navigation/local/lib/python3.10/dist-packages/rona_navigation-0.0.0-py3.10.egg-info/PKG-INFO
[1.779s] -- Installing: /home/emagon/rona/src/rona_navigation/install/rona_navigation/local/lib/python3.10/dist-packages/rona_navigation
[1.779s] -- Installing: /home/emagon/rona/src/rona_navigation/install/rona_navigation/local/lib/python3.10/dist-packages/rona_navigation/__init__.py
[1.800s] Listing '/home/emagon/rona/src/rona_navigation/install/rona_navigation/local/lib/python3.10/dist-packages/rona_navigation'...
[1.800s] Compiling '/home/emagon/rona/src/rona_navigation/install/rona_navigation/local/lib/python3.10/dist-packages/rona_navigation/__init__.py'...
[1.803s] -- Installing: /home/emagon/rona/src/rona_navigation/install/rona_navigation/share/ament_index/resource_index/package_run_dependencies/rona_navigation
[1.803s] -- Installing: /home/emagon/rona/src/rona_navigation/install/rona_navigation/share/ament_index/resource_index/parent_prefix_path/rona_navigation
[1.803s] -- Installing: /home/emagon/rona/src/rona_navigation/install/rona_navigation/share/rona_navigation/environment/ament_prefix_path.sh
[1.803s] -- Installing: /home/emagon/rona/src/rona_navigation/install/rona_navigation/share/rona_navigation/environment/ament_prefix_path.dsv
[1.803s] -- Installing: /home/emagon/rona/src/rona_navigation/install/rona_navigation/share/rona_navigation/environment/path.sh
[1.803s] -- Installing: /home/emagon/rona/src/rona_navigation/install/rona_navigation/share/rona_navigation/environment/path.dsv
[1.803s] -- Installing: /home/emagon/rona/src/rona_navigation/install/rona_navigation/share/rona_navigation/local_setup.bash
[1.803s] -- Installing: /home/emagon/rona/src/rona_navigation/install/rona_navigation/share/rona_navigation/local_setup.sh
[1.803s] -- Installing: /home/emagon/rona/src/rona_navigation/install/rona_navigation/share/rona_navigation/local_setup.zsh
[1.803s] -- Installing: /home/emagon/rona/src/rona_navigation/install/rona_navigation/share/rona_navigation/local_setup.dsv
[1.803s] -- Installing: /home/emagon/rona/src/rona_navigation/install/rona_navigation/share/rona_navigation/package.dsv
[1.803s] -- Installing: /home/emagon/rona/src/rona_navigation/install/rona_navigation/share/ament_index/resource_index/packages/rona_navigation
[1.803s] -- Installing: /home/emagon/rona/src/rona_navigation/install/rona_navigation/share/rona_navigation/cmake/rona_navigationConfig.cmake
[1.803s] -- Installing: /home/emagon/rona/src/rona_navigation/install/rona_navigation/share/rona_navigation/cmake/rona_navigationConfig-version.cmake
[1.803s] -- Installing: /home/emagon/rona/src/rona_navigation/install/rona_navigation/share/rona_navigation/package.xml
[1.805s] Invoked command in '/home/emagon/rona/src/rona_navigation/build/rona_navigation' returned '0': CMAKE_PREFIX_PATH=${CMAKE_PREFIX_PATH}:/home/emagon/Nav_WS/install/ros_robomaster_description:/home/emagon/rona/install/ros_robomaster_description:/opt/ros/humble /usr/bin/cmake --install /home/emagon/rona/src/rona_navigation/build/rona_navigation
